<?xml version="1.0" encoding="UTF-8"?>
<testsuite name="varios.testFilterData" tests="2" skipped="0" failures="0" errors="0" timestamp="2019-01-13T21:52:28" hostname="Lenovo-drunk" time="0.132">
  <properties/>
  <testcase name="testReadFile" classname="varios.testFilterData" time="0.132"/>
  <testcase name="testVerifyPatron" classname="varios.testFilterData" time="0.0"/>
  <system-out><![CDATA[]]></system-out>
  <system-err><![CDATA[ene 13, 2019 4:52:28 PM varios.FilterData readFile
GRAVE: Cantidad
]]></system-err>
</testsuite>
